# JRE version: OpenJDK Runtime Environment (23.0.2+7) (build 23.0.2+7-58)
# Java VM: OpenJDK 64-Bit Server VM (23.0.2+7-58, mixed mode, sharing, tiered, compressed oops, compressed class ptrs, g1 gc, windows-amd64)
GC Precious Log:
 CardTable entry size: 512
 Card Set container configuration: InlinePtr #cards 4 size 8 Array Of Cards #cards 32 size 80 Howl #buckets 8 coarsen threshold 7372 Howl Bitmap #cards 1024 size 144 coarsen threshold 921 Card regions per heap region 1 cards per card region 8192
 CPUs: 12 total, 12 available
 Memory: 32051M
 Large Page Support: Disabled
 NUMA Support: Disabled
 Compressed Oops: Enabled (Zero based)
 Heap Region Size: 4M
 Heap Min Capacity: 8M
 Heap Initial Capacity: 504M
 Heap Max Capacity: 8016M
 Pre-touch: Disabled
 Parallel Workers: 10
 Concurrent Workers: 3
 Concurrent Refinement Workers: 10
 Periodic GC: Disabled
Heap:
 garbage-first heap   total reserved 8208384K, committed 69632K, used 46394K [0x000000060b000000, 0x0000000800000000)
  region size 4096K, 5 young (20480K), 1 survivors (4096K)
 Metaspace       used 73171K, committed 73920K, reserved 1114112K
  class space    used 10099K, committed 10432K, reserved 1048576K
GC Heap History (20 events):
Event: 5.494 GC heap before
{Heap before GC invocations=17 (full 0):
 garbage-first heap   total reserved 8208384K, committed 61440K, used 50254K [0x000000060b000000, 0x0000000800000000)
  region size 4096K, 6 young (24576K), 1 survivors (4096K)
 Metaspace       used 64180K, committed 64832K, reserved 1114112K
  class space    used 8872K, committed 9152K, reserved 1048576K
}
Event: 5.497 GC heap after
{Heap after GC invocations=18 (full 0):
 garbage-first heap   total reserved 8208384K, committed 61440K, used 31382K [0x000000060b000000, 0x0000000800000000)
  region size 4096K, 1 young (4096K), 1 survivors (4096K)
 Metaspace       used 64180K, committed 64832K, reserved 1114112K
  class space    used 8872K, committed 9152K, reserved 1048576K
}
Event: 5.693 GC heap before
{Heap before GC invocations=18 (full 0):
 garbage-first heap   total reserved 8208384K, committed 61440K, used 47766K [0x000000060b000000, 0x0000000800000000)
  region size 4096K, 6 young (24576K), 1 survivors (4096K)
 Metaspace       used 65610K, committed 66368K, reserved 1114112K
  class space    used 9089K, committed 9408K, reserved 1048576K
}
Event: 5.697 GC heap after
{Heap after GC invocations=19 (full 0):
 garbage-first heap   total reserved 8208384K, committed 65536K, used 32444K [0x000000060b000000, 0x0000000800000000)
  region size 4096K, 1 young (4096K), 1 survivors (4096K)
 Metaspace       used 65610K, committed 66368K, reserved 1114112K
  class space    used 9089K, committed 9408K, reserved 1048576K
}
Event: 5.810 GC heap before
{Heap before GC invocations=19 (full 0):
 garbage-first heap   total reserved 8208384K, committed 65536K, used 52924K [0x000000060b000000, 0x0000000800000000)
  region size 4096K, 6 young (24576K), 1 survivors (4096K)
 Metaspace       used 66031K, committed 66752K, reserved 1114112K
  class space    used 9108K, committed 9408K, reserved 1048576K
}
Event: 5.812 GC heap after
{Heap after GC invocations=20 (full 0):
 garbage-first heap   total reserved 8208384K, committed 65536K, used 33614K [0x000000060b000000, 0x0000000800000000)
  region size 4096K, 1 young (4096K), 1 survivors (4096K)
 Metaspace       used 66031K, committed 66752K, reserved 1114112K
  class space    used 9108K, committed 9408K, reserved 1048576K
}
Event: 16.214 GC heap before
{Heap before GC invocations=21 (full 0):
 garbage-first heap   total reserved 8208384K, committed 65536K, used 54094K [0x000000060b000000, 0x0000000800000000)
  region size 4096K, 6 young (24576K), 1 survivors (4096K)
 Metaspace       used 68204K, committed 68928K, reserved 1114112K
  class space    used 9400K, committed 9728K, reserved 1048576K
}
Event: 16.217 GC heap after
{Heap after GC invocations=22 (full 0):
 garbage-first heap   total reserved 8208384K, committed 65536K, used 34913K [0x000000060b000000, 0x0000000800000000)
  region size 4096K, 1 young (4096K), 1 survivors (4096K)
 Metaspace       used 68204K, committed 68928K, reserved 1114112K
  class space    used 9400K, committed 9728K, reserved 1048576K
}
Event: 84.536 GC heap before
{Heap before GC invocations=22 (full 0):
 garbage-first heap   total reserved 8208384K, committed 65536K, used 51297K [0x000000060b000000, 0x0000000800000000)
  region size 4096K, 6 young (24576K), 1 survivors (4096K)
 Metaspace       used 72367K, committed 73152K, reserved 1114112K
  class space    used 10021K, committed 10368K, reserved 1048576K
}
Event: 84.537 GC heap after
{Heap after GC invocations=23 (full 0):
 garbage-first heap   total reserved 8208384K, committed 65536K, used 35945K [0x000000060b000000, 0x0000000800000000)
  region size 4096K, 1 young (4096K), 1 survivors (4096K)
 Metaspace       used 72367K, committed 73152K, reserved 1114112K
  class space    used 10021K, committed 10368K, reserved 1048576K
}
Event: 304.545 GC heap before
{Heap before GC invocations=24 (full 0):
 garbage-first heap   total reserved 8208384K, committed 69632K, used 52329K [0x000000060b000000, 0x0000000800000000)
  region size 4096K, 5 young (20480K), 1 survivors (4096K)
 Metaspace       used 72915K, committed 73728K, reserved 1114112K
  class space    used 10083K, committed 10432K, reserved 1048576K
}
Event: 304.547 GC heap after
{Heap after GC invocations=25 (full 0):
 garbage-first heap   total reserved 8208384K, committed 69632K, used 35951K [0x000000060b000000, 0x0000000800000000)
  region size 4096K, 1 young (4096K), 1 survivors (4096K)
 Metaspace       used 72915K, committed 73728K, reserved 1114112K
  class space    used 10083K, committed 10432K, reserved 1048576K
}
Event: 611.339 GC heap before
{Heap before GC invocations=25 (full 0):
 garbage-first heap   total reserved 8208384K, committed 69632K, used 56431K [0x000000060b000000, 0x0000000800000000)
  region size 4096K, 6 young (24576K), 1 survivors (4096K)
 Metaspace       used 72962K, committed 73728K, reserved 1114112K
  class space    used 10084K, committed 10432K, reserved 1048576K
}
Event: 611.342 GC heap after
{Heap after GC invocations=26 (full 0):
 garbage-first heap   total reserved 8208384K, committed 69632K, used 34997K [0x000000060b000000, 0x0000000800000000)
  region size 4096K, 1 young (4096K), 1 survivors (4096K)
 Metaspace       used 72962K, committed 73728K, reserved 1114112K
  class space    used 10084K, committed 10432K, reserved 1048576K
}
Event: 926.733 GC heap before
{Heap before GC invocations=26 (full 0):
 garbage-first heap   total reserved 8208384K, committed 69632K, used 55477K [0x000000060b000000, 0x0000000800000000)
  region size 4096K, 6 young (24576K), 1 survivors (4096K)
 Metaspace       used 72965K, committed 73728K, reserved 1114112K
  class space    used 10084K, committed 10432K, reserved 1048576K
}
Event: 926.734 GC heap after
{Heap after GC invocations=27 (full 0):
 garbage-first heap   total reserved 8208384K, committed 69632K, used 34885K [0x000000060b000000, 0x0000000800000000)
  region size 4096K, 1 young (4096K), 1 survivors (4096K)
 Metaspace       used 72965K, committed 73728K, reserved 1114112K
  class space    used 10084K, committed 10432K, reserved 1048576K
}
Event: 1234.163 GC heap before
{Heap before GC invocations=28 (full 0):
 garbage-first heap   total reserved 8208384K, committed 69632K, used 55365K [0x000000060b000000, 0x0000000800000000)
  region size 4096K, 6 young (24576K), 1 survivors (4096K)
 Metaspace       used 73017K, committed 73792K, reserved 1114112K
  class space    used 10084K, committed 10432K, reserved 1048576K
}
Event: 1234.165 GC heap after
{Heap after GC invocations=29 (full 0):
 garbage-first heap   total reserved 8208384K, committed 69632K, used 34868K [0x000000060b000000, 0x0000000800000000)
  region size 4096K, 1 young (4096K), 1 survivors (4096K)
 Metaspace       used 73017K, committed 73792K, reserved 1114112K
  class space    used 10084K, committed 10432K, reserved 1048576K
}
Event: 1548.904 GC heap before
{Heap before GC invocations=29 (full 0):
 garbage-first heap   total reserved 8208384K, committed 69632K, used 55348K [0x000000060b000000, 0x0000000800000000)
  region size 4096K, 6 young (24576K), 1 survivors (4096K)
 Metaspace       used 73018K, committed 73792K, reserved 1114112K
  class space    used 10084K, committed 10432K, reserved 1048576K
}
Event: 1548.907 GC heap after
{Heap after GC invocations=30 (full 0):
 garbage-first heap   total reserved 8208384K, committed 69632K, used 34106K [0x000000060b000000, 0x0000000800000000)
  region size 4096K, 1 young (4096K), 1 survivors (4096K)
 Metaspace       used 73018K, committed 73792K, reserved 1114112K
  class space    used 10084K, committed 10432K, reserved 1048576K
}

